<?xml version="1.0" encoding="UTF-8"?>
<!-- Generated by org.testng.reporters.JUnitXMLReporter -->
<testsuite ignored="0" hostname="LAPTOP-7KRDH6ME" failures="0" tests="3" name="Default test" time="18.069" errors="0" timestamp="2024-01-25T15:39:14 IST">
  <testcase classname="testPackage.DemoClass" name="RunChrome" time="6.493"/>
  <testcase classname="testPackage.DemoClass" name="RunEdge" time="3.606"/>
  <testcase classname="testPackage.DemoClass" name="RunFirefox" time="7.915"/>
</testsuite> <!-- Default test -->
