<?xml version="1.0" encoding="UTF-8"?>
<!-- Generated by org.testng.reporters.JUnitXMLReporter -->
<testsuite ignored="0" hostname="LAPTOP-7KRDH6ME" failures="0" tests="6" name="Test" time="21.478" errors="0" timestamp="2024-01-26T16:31:27 IST">
  <testcase classname="testPackage.SecondClass" name="SecondClassRunChrome" time="3.357"/>
  <testcase classname="testPackage.DemoClass" name="RunChrome" time="3.896"/>
  <testcase classname="testPackage.SecondClass" name="SecondClassRunEdge" time="1.784"/>
  <testcase classname="testPackage.DemoClass" name="RunEdge" time="1.31"/>
  <testcase classname="testPackage.SecondClass" name="SecondClassRunFirefox" time="0.786"/>
  <testcase classname="testPackage.DemoClass" name="RunFirefox" time="0.728"/>
</testsuite> <!-- Test -->
